%!Adobe-FontList 1.14
%Locale:0x409

%BeginFont
Handler:DirectoryHandler
FontType:Type1
FontName:BentonModernTwo-Roman
FamilyName:BentonModernTwo
StyleName:Roman
MenuName:BentonModernTwo Roman
StyleBits:0
WeightClass:400
WidthClass:5
AngleClass:0
FullName:BentonModernTwo Roman
WritingScript:Roman
OutlineFileName:\BentonModernTwo-Roman.otf
DataFormat:sfntData
UsesStandardEncoding:yes
isCFF:yes
FileLength:29888
FileModTime:1184576790
%EndFont

%BeginFont
Handler:DirectoryHandler
FontType:Type1
FontName:Messenger-Mono
FamilyName:Messenger
StyleName:Mono
MenuName:Messenger Mono
StyleBits:0
WeightClass:400
WidthClass:5
AngleClass:0
FullName:Messenger Mono
WritingScript:Roman
OutlineFileName:\Messenger-Mono.otf
DataFormat:sfntData
UsesStandardEncoding:yes
isCFF:yes
FileLength:10320
FileModTime:1397212956
%EndFont

